<?xml version="1.0" encoding="UTF-8"?>
<!-- Generated by org.testng.reporters.JUnitXMLReporter -->
<testsuite ignored="0" hostname="LAPTOP-AJGF9PO4" failures="0" tests="6" name="Users and Products" time="0.043" errors="0" timestamp="2021-12-23T09:40:15 IST">
  <testcase classname="com.sgtesting.users.Users" name="createUser" time="0.004"/>
  <testcase classname="com.sgtesting.users.Users" name="deleteUser" time="0.001"/>
  <testcase classname="com.sgtesting.users.Users" name="modifyUser" time="0.001"/>
  <testcase classname="com.sgtesting.products.Products" name="createProduct" time="0.001"/>
  <testcase classname="com.sgtesting.products.Products" name="deleteUser" time="0.001"/>
  <testcase classname="com.sgtesting.products.Products" name="modifyUser" time="0.001"/>
</testsuite> <!-- Users and Products -->
