<?xml version="1.0" encoding="UTF-8"?>
<testng-results ignored="0" total="3" passed="3" failed="0" skipped="0">
  <reporter-output>
  </reporter-output>
  <suite started-at="2022-04-09T12:18:12 IST" name="Default suite" finished-at="2022-04-09T12:18:12 IST" duration-ms="33">
    <groups>
    </groups>
    <test started-at="2022-04-09T12:18:12 IST" name="Default test" finished-at="2022-04-09T12:18:12 IST" duration-ms="33">
      <class name="com.sgtesting.products.Products">
        <test-method is-config="true" signature="setUp()[pri:0, instance:com.sgtesting.products.Products@1e683a3e]" started-at="2022-04-09T12:18:12 IST" name="setUp" finished-at="2022-04-09T12:18:12 IST" duration-ms="4" status="PASS">
          <reporter-output>
          </reporter-output>
        </test-method> <!-- setUp -->
        <test-method signature="createProduct()[pri:0, instance:com.sgtesting.products.Products@1e683a3e]" started-at="2022-04-09T12:18:12 IST" name="createProduct" finished-at="2022-04-09T12:18:12 IST" duration-ms="3" status="PASS">
          <reporter-output>
          </reporter-output>
        </test-method> <!-- createProduct -->
        <test-method signature="deleteUser()[pri:0, instance:com.sgtesting.products.Products@1e683a3e]" started-at="2022-04-09T12:18:12 IST" name="deleteUser" finished-at="2022-04-09T12:18:12 IST" duration-ms="0" status="PASS">
          <reporter-output>
          </reporter-output>
        </test-method> <!-- deleteUser -->
        <test-method signature="modifyUser()[pri:0, instance:com.sgtesting.products.Products@1e683a3e]" started-at="2022-04-09T12:18:12 IST" name="modifyUser" finished-at="2022-04-09T12:18:12 IST" duration-ms="1" status="PASS">
          <reporter-output>
          </reporter-output>
        </test-method> <!-- modifyUser -->
        <test-method is-config="true" signature="tearDown()[pri:0, instance:com.sgtesting.products.Products@1e683a3e]" started-at="2022-04-09T12:18:12 IST" name="tearDown" finished-at="2022-04-09T12:18:12 IST" duration-ms="0" status="PASS">
          <reporter-output>
          </reporter-output>
        </test-method> <!-- tearDown -->
      </class> <!-- com.sgtesting.products.Products -->
    </test> <!-- Default test -->
  </suite> <!-- Default suite -->
</testng-results>
