<?xml version="1.0" encoding="UTF-8"?>
<!-- Generated by org.testng.reporters.JUnitXMLReporter -->
<testsuite ignored="0" hostname="Kashinath1" failures="0" tests="3" name="Default test" time="0.033" errors="0" timestamp="2022-04-09T12:18:12 IST">
  <testcase classname="com.sgtesting.products.Products" name="createProduct" time="0.003"/>
  <testcase classname="com.sgtesting.products.Products" name="deleteUser" time="0.0"/>
  <testcase classname="com.sgtesting.products.Products" name="modifyUser" time="0.001"/>
</testsuite> <!-- Default test -->
